[debug] [2023-08-31T12:55:01.832Z] ----------------------------------------------------------------------
[debug] [2023-08-31T12:55:01.839Z] Command:       C:\Program Files\nodejs\node.exe C:\Users\Ristar\AppData\Roaming\npm\node_modules\firebase-tools\lib\bin\firebase.js deploy
[debug] [2023-08-31T12:55:01.840Z] CLI Version:   12.5.2
[debug] [2023-08-31T12:55:01.841Z] Platform:      win32
[debug] [2023-08-31T12:55:01.842Z] Node Version:  v18.16.0
[debug] [2023-08-31T12:55:01.843Z] Time:          Thu Aug 31 2023 14:55:01 GMT+0200 (South Africa Standard Time)
[debug] [2023-08-31T12:55:01.844Z] ----------------------------------------------------------------------
[debug] 
[debug] [2023-08-31T12:55:02.063Z] > command requires scopes: ["email","openid","https://www.googleapis.com/auth/cloudplatformprojects.readonly","https://www.googleapis.com/auth/firebase","https://www.googleapis.com/auth/cloud-platform"]
[debug] [2023-08-31T12:55:02.064Z] > authorizing via signed-in user (mochochokoboiketlo@gmail.com)
[debug] [2023-08-31T12:55:02.064Z] [iam] checking project booking-hotel-25ea1 for permissions ["cloudfunctions.functions.create","cloudfunctions.functions.delete","cloudfunctions.functions.get","cloudfunctions.functions.list","cloudfunctions.functions.update","cloudfunctions.operations.get","firebase.projects.get","firebasehosting.sites.update"]
[debug] [2023-08-31T12:55:02.066Z] >>> [apiv2][query] POST https://cloudresourcemanager.googleapis.com/v1/projects/booking-hotel-25ea1:testIamPermissions [none]
[debug] [2023-08-31T12:55:02.066Z] >>> [apiv2][(partial)header] POST https://cloudresourcemanager.googleapis.com/v1/projects/booking-hotel-25ea1:testIamPermissions x-goog-quota-user=projects/booking-hotel-25ea1
[debug] [2023-08-31T12:55:02.066Z] >>> [apiv2][body] POST https://cloudresourcemanager.googleapis.com/v1/projects/booking-hotel-25ea1:testIamPermissions {"permissions":["cloudfunctions.functions.create","cloudfunctions.functions.delete","cloudfunctions.functions.get","cloudfunctions.functions.list","cloudfunctions.functions.update","cloudfunctions.operations.get","firebase.projects.get","firebasehosting.sites.update"]}
[debug] [2023-08-31T12:55:04.101Z] <<< [apiv2][status] POST https://cloudresourcemanager.googleapis.com/v1/projects/booking-hotel-25ea1:testIamPermissions 200
[debug] [2023-08-31T12:55:04.101Z] <<< [apiv2][body] POST https://cloudresourcemanager.googleapis.com/v1/projects/booking-hotel-25ea1:testIamPermissions {"permissions":["cloudfunctions.functions.create","cloudfunctions.functions.delete","cloudfunctions.functions.get","cloudfunctions.functions.list","cloudfunctions.functions.update","cloudfunctions.operations.get","firebase.projects.get","firebasehosting.sites.update"]}
[debug] [2023-08-31T12:55:04.101Z] >>> [apiv2][query] POST https://iam.googleapis.com/v1/projects/booking-hotel-25ea1/serviceAccounts/booking-hotel-25ea1@appspot.gserviceaccount.com:testIamPermissions [none]
[debug] [2023-08-31T12:55:04.101Z] >>> [apiv2][body] POST https://iam.googleapis.com/v1/projects/booking-hotel-25ea1/serviceAccounts/booking-hotel-25ea1@appspot.gserviceaccount.com:testIamPermissions {"permissions":["iam.serviceAccounts.actAs"]}
[debug] [2023-08-31T12:55:06.006Z] <<< [apiv2][status] POST https://iam.googleapis.com/v1/projects/booking-hotel-25ea1/serviceAccounts/booking-hotel-25ea1@appspot.gserviceaccount.com:testIamPermissions 200
[debug] [2023-08-31T12:55:06.006Z] <<< [apiv2][body] POST https://iam.googleapis.com/v1/projects/booking-hotel-25ea1/serviceAccounts/booking-hotel-25ea1@appspot.gserviceaccount.com:testIamPermissions {"permissions":["iam.serviceAccounts.actAs"]}
[debug] [2023-08-31T12:55:06.007Z] >>> [apiv2][query] GET https://firebase.googleapis.com/v1beta1/projects/booking-hotel-25ea1 [none]
[debug] [2023-08-31T12:55:06.834Z] <<< [apiv2][status] GET https://firebase.googleapis.com/v1beta1/projects/booking-hotel-25ea1 200
[debug] [2023-08-31T12:55:06.834Z] <<< [apiv2][body] GET https://firebase.googleapis.com/v1beta1/projects/booking-hotel-25ea1 {"projectId":"booking-hotel-25ea1","projectNumber":"1058852926243","displayName":"booking hotel","name":"projects/booking-hotel-25ea1","resources":{"hostingSite":"booking-hotel-25ea1"},"state":"ACTIVE","etag":"1_ff4f27cf-9ab4-40f9-9509-1d9373166d6d"}
[info] 
[info] === Deploying to 'booking-hotel-25ea1'...
[info] 
[info] i  deploying functions, hosting 
[info] Running command: npm --prefix "$RESOURCE_DIR" run lint
